app/build/intermediates/manifest_merge_blame_file/release/processReleaseMainManifest/manifest-merger-blame-release-report.txt
1<?xml version="1.0" encoding="utf-8"?>
2<manifest xmlns:android="http://schemas.android.com/apk/res/android"
3    package="com.solaro"
4    android:versionCode="1"
5    android:versionName="1.0" >
6
7    <uses-sdk
8        android:minSdkVersion="24"
9        android:targetSdkVersion="35" />
10
11    <!-- Permissions for Location and Camera -->
12    <uses-permission android:name="android.permission.ACCESS_FINE_LOCATION" />
12-->src\main\AndroidManifest.xml:7:5-79
12-->src\main\AndroidManifest.xml:7:22-76
13    <uses-permission android:name="android.permission.ACCESS_COARSE_LOCATION" />
13-->src\main\AndroidManifest.xml:8:5-81
13-->src\main\AndroidManifest.xml:8:22-78
14    <uses-permission android:name="android.permission.INTERNET" />
14-->src\main\AndroidManifest.xml:9:5-67
14-->src\main\AndroidManifest.xml:9:22-64
15
16    <permission
16-->[androidx.core:core:1.17.0] AndroidManifest.xml:22:5-24:47
17        android:name="com.solaro.DYNAMIC_RECEIVER_NOT_EXPORTED_PERMISSION"
17-->[androidx.core:core:1.17.0] AndroidManifest.xml:23:9-81
18        android:protectionLevel="signature" />
18-->[androidx.core:core:1.17.0] AndroidManifest.xml:24:9-44
19
20    <uses-permission android:name="com.solaro.DYNAMIC_RECEIVER_NOT_EXPORTED_PERMISSION" />
20-->[androidx.core:core:1.17.0] AndroidManifest.xml:26:5-97
20-->[androidx.core:core:1.17.0] AndroidManifest.xml:26:22-94
21
22    <application
22-->src\main\AndroidManifest.xml:11:5-54:19
23        android:allowBackup="true"
23-->src\main\AndroidManifest.xml:12:9-35
24        android:appComponentFactory="androidx.core.app.CoreComponentFactory"
24-->[androidx.core:core:1.17.0] AndroidManifest.xml:28:18-86
25        android:extractNativeLibs="false"
26        android:icon="@mipmap/ic_launcher"
26-->src\main\AndroidManifest.xml:13:9-43
27        android:label="@string/app_name"
27-->src\main\AndroidManifest.xml:14:9-41
28        android:roundIcon="@mipmap/ic_launcher_round"
28-->src\main\AndroidManifest.xml:15:9-54
29        android:supportsRtl="true"
29-->src\main\AndroidManifest.xml:16:9-35
30        android:testOnly="true"
31        android:theme="@style/Theme.Solaro" >
31-->src\main\AndroidManifest.xml:17:9-44
32
33        <!-- Splash Activity -->
34        <activity
34-->src\main\AndroidManifest.xml:20:9-28:20
35            android:name="com.solaro.app.activity.SplashActivity"
35-->src\main\AndroidManifest.xml:21:13-56
36            android:exported="true"
36-->src\main\AndroidManifest.xml:22:13-36
37            android:theme="@style/Theme.App.Starting" >
37-->src\main\AndroidManifest.xml:23:13-54
38            <intent-filter>
38-->src\main\AndroidManifest.xml:24:13-27:29
39                <action android:name="android.intent.action.MAIN" />
39-->src\main\AndroidManifest.xml:25:17-69
39-->src\main\AndroidManifest.xml:25:25-66
40
41                <category android:name="android.intent.category.LAUNCHER" />
41-->src\main\AndroidManifest.xml:26:17-77
41-->src\main\AndroidManifest.xml:26:27-74
42            </intent-filter>
43        </activity>
44        <activity
44-->src\main\AndroidManifest.xml:30:9-88
45            android:name="com.solaro.app.activity.AboutActivity"
45-->src\main\AndroidManifest.xml:30:19-61
46            android:exported="false" />
46-->src\main\AndroidManifest.xml:30:62-86
47        <activity
47-->src\main\AndroidManifest.xml:31:9-88
48            android:name="com.solaro.app.activity.LoginActivity"
48-->src\main\AndroidManifest.xml:31:19-61
49            android:exported="false" />
49-->src\main\AndroidManifest.xml:31:62-86
50        <activity
50-->src\main\AndroidManifest.xml:32:9-91
51            android:name="com.solaro.app.activity.RegisterActivity"
51-->src\main\AndroidManifest.xml:32:19-64
52            android:exported="false" />
52-->src\main\AndroidManifest.xml:32:65-89
53        <activity
53-->src\main\AndroidManifest.xml:33:9-96
54            android:name="com.solaro.app.activity.UserDashboardActivity"
54-->src\main\AndroidManifest.xml:33:19-69
55            android:exported="false" />
55-->src\main\AndroidManifest.xml:33:70-94
56        <activity
56-->src\main\AndroidManifest.xml:34:9-97
57            android:name="com.solaro.app.activity.AdminDashboardActivity"
57-->src\main\AndroidManifest.xml:34:19-70
58            android:exported="false" />
58-->src\main\AndroidManifest.xml:34:71-95
59        <activity
59-->src\main\AndroidManifest.xml:35:9-102
60            android:name="com.solaro.app.activity.RequestInstallationActivity"
60-->src\main\AndroidManifest.xml:35:19-75
61            android:exported="false" />
61-->src\main\AndroidManifest.xml:35:76-100
62        <activity
62-->src\main\AndroidManifest.xml:36:9-102
63            android:name="com.solaro.app.activity.ManageInstallationsActivity"
63-->src\main\AndroidManifest.xml:36:19-75
64            android:exported="false" />
64-->src\main\AndroidManifest.xml:36:76-100
65        <activity
65-->src\main\AndroidManifest.xml:37:9-94
66            android:name="com.solaro.app.activity.ManageUsersActivity"
66-->src\main\AndroidManifest.xml:37:19-67
67            android:exported="false" />
67-->src\main\AndroidManifest.xml:37:68-92
68        <activity
68-->src\main\AndroidManifest.xml:38:9-101
69            android:name="com.solaro.app.activity.RequestMaintenanceActivity"
69-->src\main\AndroidManifest.xml:38:19-74
70            android:exported="false" />
70-->src\main\AndroidManifest.xml:38:75-99
71        <activity
71-->src\main\AndroidManifest.xml:39:9-100
72            android:name="com.solaro.app.activity.ManageMaintenanceActivity"
72-->src\main\AndroidManifest.xml:39:19-73
73            android:exported="false" />
73-->src\main\AndroidManifest.xml:39:74-98
74        <activity
74-->src\main\AndroidManifest.xml:40:9-98
75            android:name="com.solaro.app.activity.ManageProductsActivity"
75-->src\main\AndroidManifest.xml:40:19-70
76            android:exported="false" />
76-->src\main\AndroidManifest.xml:40:71-95
77        <activity
77-->src\main\AndroidManifest.xml:41:9-88
78            android:name="com.solaro.app.activity.ShopActivity"
78-->src\main\AndroidManifest.xml:41:19-60
79            android:exported="false" />
79-->src\main\AndroidManifest.xml:41:61-85
80        <activity
80-->src\main\AndroidManifest.xml:42:9-91
81            android:name="com.solaro.app.activity.PaymentActivity"
81-->src\main\AndroidManifest.xml:42:19-63
82            android:exported="false" />
82-->src\main\AndroidManifest.xml:42:64-88
83
84        <provider
85            android:name="androidx.core.content.FileProvider"
85-->src\main\AndroidManifest.xml:45:13-62
86            android:authorities="com.solaro.provider"
86-->src\main\AndroidManifest.xml:46:13-60
87            android:exported="false"
87-->src\main\AndroidManifest.xml:47:13-37
88            android:grantUriPermissions="true" >
88-->src\main\AndroidManifest.xml:48:13-47
89            <meta-data
89-->src\main\AndroidManifest.xml:49:13-51:63
90                android:name="android.support.FILE_PROVIDER_PATHS"
90-->src\main\AndroidManifest.xml:50:17-67
91                android:resource="@xml/file_provider_paths" />
91-->src\main\AndroidManifest.xml:51:17-60
92        </provider>
93        <provider
93-->[androidx.emoji2:emoji2:1.3.0] AndroidManifest.xml:24:9-32:20
94            android:name="androidx.startup.InitializationProvider"
94-->[androidx.emoji2:emoji2:1.3.0] AndroidManifest.xml:25:13-67
95            android:authorities="com.solaro.androidx-startup"
95-->[androidx.emoji2:emoji2:1.3.0] AndroidManifest.xml:26:13-68
96            android:exported="false" >
96-->[androidx.emoji2:emoji2:1.3.0] AndroidManifest.xml:27:13-37
97            <meta-data
97-->[androidx.emoji2:emoji2:1.3.0] AndroidManifest.xml:29:13-31:52
98                android:name="androidx.emoji2.text.EmojiCompatInitializer"
98-->[androidx.emoji2:emoji2:1.3.0] AndroidManifest.xml:30:17-75
99                android:value="androidx.startup" />
99-->[androidx.emoji2:emoji2:1.3.0] AndroidManifest.xml:31:17-49
100            <meta-data
100-->[androidx.lifecycle:lifecycle-process:2.9.2] AndroidManifest.xml:29:13-31:52
101                android:name="androidx.lifecycle.ProcessLifecycleInitializer"
101-->[androidx.lifecycle:lifecycle-process:2.9.2] AndroidManifest.xml:30:17-78
102                android:value="androidx.startup" />
102-->[androidx.lifecycle:lifecycle-process:2.9.2] AndroidManifest.xml:31:17-49
103            <meta-data
103-->[androidx.profileinstaller:profileinstaller:1.4.0] AndroidManifest.xml:29:13-31:52
104                android:name="androidx.profileinstaller.ProfileInstallerInitializer"
104-->[androidx.profileinstaller:profileinstaller:1.4.0] AndroidManifest.xml:30:17-85
105                android:value="androidx.startup" />
105-->[androidx.profileinstaller:profileinstaller:1.4.0] AndroidManifest.xml:31:17-49
106        </provider>
107
108        <receiver
108-->[androidx.profileinstaller:profileinstaller:1.4.0] AndroidManifest.xml:34:9-52:20
109            android:name="androidx.profileinstaller.ProfileInstallReceiver"
109-->[androidx.profileinstaller:profileinstaller:1.4.0] AndroidManifest.xml:35:13-76
110            android:directBootAware="false"
110-->[androidx.profileinstaller:profileinstaller:1.4.0] AndroidManifest.xml:36:13-44
111            android:enabled="true"
111-->[androidx.profileinstaller:profileinstaller:1.4.0] AndroidManifest.xml:37:13-35
112            android:exported="true"
112-->[androidx.profileinstaller:profileinstaller:1.4.0] AndroidManifest.xml:38:13-36
113            android:permission="android.permission.DUMP" >
113-->[androidx.profileinstaller:profileinstaller:1.4.0] AndroidManifest.xml:39:13-57
114            <intent-filter>
114-->[androidx.profileinstaller:profileinstaller:1.4.0] AndroidManifest.xml:40:13-42:29
115                <action android:name="androidx.profileinstaller.action.INSTALL_PROFILE" />
115-->[androidx.profileinstaller:profileinstaller:1.4.0] AndroidManifest.xml:41:17-91
115-->[androidx.profileinstaller:profileinstaller:1.4.0] AndroidManifest.xml:41:25-88
116            </intent-filter>
117            <intent-filter>
117-->[androidx.profileinstaller:profileinstaller:1.4.0] AndroidManifest.xml:43:13-45:29
118                <action android:name="androidx.profileinstaller.action.SKIP_FILE" />
118-->[androidx.profileinstaller:profileinstaller:1.4.0] AndroidManifest.xml:44:17-85
118-->[androidx.profileinstaller:profileinstaller:1.4.0] AndroidManifest.xml:44:25-82
119            </intent-filter>
120            <intent-filter>
120-->[androidx.profileinstaller:profileinstaller:1.4.0] AndroidManifest.xml:46:13-48:29
121                <action android:name="androidx.profileinstaller.action.SAVE_PROFILE" />
121-->[androidx.profileinstaller:profileinstaller:1.4.0] AndroidManifest.xml:47:17-88
121-->[androidx.profileinstaller:profileinstaller:1.4.0] AndroidManifest.xml:47:25-85
122            </intent-filter>
123            <intent-filter>
123-->[androidx.profileinstaller:profileinstaller:1.4.0] AndroidManifest.xml:49:13-51:29
124                <action android:name="androidx.profileinstaller.action.BENCHMARK_OPERATION" />
124-->[androidx.profileinstaller:profileinstaller:1.4.0] AndroidManifest.xml:50:17-95
124-->[androidx.profileinstaller:profileinstaller:1.4.0] AndroidManifest.xml:50:25-92
125            </intent-filter>
126        </receiver>
127    </application>
128
129</manifest>